<?xml version="1.0" encoding="UTF-8"?>
<testng-results ignored="0" total="6" passed="6" failed="0" skipped="0">
  <reporter-output>
  </reporter-output>
  <suite started-at="2022-12-08T14:28:28 IST" name="Suite" finished-at="2022-12-08T14:34:35 IST" duration-ms="367382">
    <groups>
    </groups>
    <test started-at="2022-12-08T14:28:28 IST" name="Test1" finished-at="2022-12-08T14:30:11 IST" duration-ms="103507">
      <class name="com.qa.testscripts.Skillup_TC_001">
        <test-method is-config="true" signature="Setup(java.lang.String,java.lang.String)[pri:0, instance:com.qa.testscripts.Skillup_TC_001@7e0b85f9]" started-at="2022-12-08T14:28:28 IST" name="Setup" finished-at="2022-12-08T14:29:35 IST" duration-ms="66756" status="PASS">
          <params>
            <param index="0">
              <value>
                <![CDATA[Chrome]]>
              </value>
            </param>
            <param index="1">
              <value>
                <![CDATA[https://in.skillup.online/]]>
              </value>
            </param>
          </params>
          <reporter-output>
          </reporter-output>
        </test-method> <!-- Setup -->
        <test-method signature="testSkillup(java.lang.String,java.lang.String)[pri:0, instance:com.qa.testscripts.Skillup_TC_001@7e0b85f9]" started-at="2022-12-08T14:29:35 IST" name="testSkillup" finished-at="2022-12-08T14:30:11 IST" duration-ms="36519" status="PASS">
          <params>
            <param index="0">
              <value>
                <![CDATA[Chrome]]>
              </value>
            </param>
            <param index="1">
              <value>
                <![CDATA[https://in.skillup.online/]]>
              </value>
            </param>
          </params>
          <reporter-output>
          </reporter-output>
        </test-method> <!-- testSkillup -->
        <test-method is-config="true" signature="TearDown()[pri:0, instance:com.qa.testscripts.Skillup_TC_001@7e0b85f9]" started-at="2022-12-08T14:30:11 IST" name="TearDown" finished-at="2022-12-08T14:30:11 IST" duration-ms="192" status="PASS">
          <reporter-output>
          </reporter-output>
        </test-method> <!-- TearDown -->
      </class> <!-- com.qa.testscripts.Skillup_TC_001 -->
    </test> <!-- Test1 -->
    <test started-at="2022-12-08T14:30:11 IST" name="Test2" finished-at="2022-12-08T14:31:04 IST" duration-ms="52256">
      <class name="com.qa.testscripts.Skillup_TC_002">
        <test-method is-config="true" signature="Setup(java.lang.String,java.lang.String)[pri:0, instance:com.qa.testscripts.Skillup_TC_002@7714e963]" started-at="2022-12-08T14:30:11 IST" name="Setup" finished-at="2022-12-08T14:30:42 IST" duration-ms="30676" status="PASS">
          <params>
            <param index="0">
              <value>
                <![CDATA[Chrome]]>
              </value>
            </param>
            <param index="1">
              <value>
                <![CDATA[https://in.skillup.online/]]>
              </value>
            </param>
          </params>
          <reporter-output>
          </reporter-output>
        </test-method> <!-- Setup -->
        <test-method signature="testSkillup2(java.lang.String,java.lang.String)[pri:0, instance:com.qa.testscripts.Skillup_TC_002@7714e963]" started-at="2022-12-08T14:30:42 IST" name="testSkillup2" finished-at="2022-12-08T14:30:47 IST" duration-ms="5330" status="PASS">
          <params>
            <param index="0">
              <value>
                <![CDATA[Chrome]]>
              </value>
            </param>
            <param index="1">
              <value>
                <![CDATA[https://in.skillup.online/]]>
              </value>
            </param>
          </params>
          <reporter-output>
          </reporter-output>
        </test-method> <!-- testSkillup2 -->
        <test-method is-config="true" signature="TearDown()[pri:0, instance:com.qa.testscripts.Skillup_TC_002@7714e963]" started-at="2022-12-08T14:30:47 IST" name="TearDown" finished-at="2022-12-08T14:31:04 IST" duration-ms="16244" status="PASS">
          <reporter-output>
          </reporter-output>
        </test-method> <!-- TearDown -->
      </class> <!-- com.qa.testscripts.Skillup_TC_002 -->
    </test> <!-- Test2 -->
    <test started-at="2022-12-08T14:31:04 IST" name="Test3" finished-at="2022-12-08T14:32:09 IST" duration-ms="65203">
      <class name="com.qa.testscripts.Skillup_TC_001">
        <test-method is-config="true" signature="Setup(java.lang.String,java.lang.String)[pri:0, instance:com.qa.testscripts.Skillup_TC_001@55b7a4e0]" started-at="2022-12-08T14:31:04 IST" name="Setup" finished-at="2022-12-08T14:31:45 IST" duration-ms="41026" status="PASS">
          <params>
            <param index="0">
              <value>
                <![CDATA[Edge]]>
              </value>
            </param>
            <param index="1">
              <value>
                <![CDATA[https://in.skillup.online/]]>
              </value>
            </param>
          </params>
          <reporter-output>
          </reporter-output>
        </test-method> <!-- Setup -->
        <test-method signature="testSkillup(java.lang.String,java.lang.String)[pri:0, instance:com.qa.testscripts.Skillup_TC_001@55b7a4e0]" started-at="2022-12-08T14:31:45 IST" name="testSkillup" finished-at="2022-12-08T14:32:09 IST" duration-ms="24011" status="PASS">
          <params>
            <param index="0">
              <value>
                <![CDATA[Edge]]>
              </value>
            </param>
            <param index="1">
              <value>
                <![CDATA[https://in.skillup.online/]]>
              </value>
            </param>
          </params>
          <reporter-output>
          </reporter-output>
        </test-method> <!-- testSkillup -->
        <test-method is-config="true" signature="TearDown()[pri:0, instance:com.qa.testscripts.Skillup_TC_001@55b7a4e0]" started-at="2022-12-08T14:32:09 IST" name="TearDown" finished-at="2022-12-08T14:32:09 IST" duration-ms="161" status="PASS">
          <reporter-output>
          </reporter-output>
        </test-method> <!-- TearDown -->
      </class> <!-- com.qa.testscripts.Skillup_TC_001 -->
    </test> <!-- Test3 -->
    <test started-at="2022-12-08T14:32:09 IST" name="Test4" finished-at="2022-12-08T14:33:02 IST" duration-ms="52573">
      <class name="com.qa.testscripts.Skillup_TC_002">
        <test-method is-config="true" signature="Setup(java.lang.String,java.lang.String)[pri:0, instance:com.qa.testscripts.Skillup_TC_002@6973b51b]" started-at="2022-12-08T14:32:09 IST" name="Setup" finished-at="2022-12-08T14:32:56 IST" duration-ms="46846" status="PASS">
          <params>
            <param index="0">
              <value>
                <![CDATA[Edge]]>
              </value>
            </param>
            <param index="1">
              <value>
                <![CDATA[https://in.skillup.online/]]>
              </value>
            </param>
          </params>
          <reporter-output>
          </reporter-output>
        </test-method> <!-- Setup -->
        <test-method signature="testSkillup2(java.lang.String,java.lang.String)[pri:0, instance:com.qa.testscripts.Skillup_TC_002@6973b51b]" started-at="2022-12-08T14:32:56 IST" name="testSkillup2" finished-at="2022-12-08T14:33:01 IST" duration-ms="5418" status="PASS">
          <params>
            <param index="0">
              <value>
                <![CDATA[Edge]]>
              </value>
            </param>
            <param index="1">
              <value>
                <![CDATA[https://in.skillup.online/]]>
              </value>
            </param>
          </params>
          <reporter-output>
          </reporter-output>
        </test-method> <!-- testSkillup2 -->
        <test-method is-config="true" signature="TearDown()[pri:0, instance:com.qa.testscripts.Skillup_TC_002@6973b51b]" started-at="2022-12-08T14:33:01 IST" name="TearDown" finished-at="2022-12-08T14:33:02 IST" duration-ms="304" status="PASS">
          <reporter-output>
          </reporter-output>
        </test-method> <!-- TearDown -->
      </class> <!-- com.qa.testscripts.Skillup_TC_002 -->
    </test> <!-- Test4 -->
    <test started-at="2022-12-08T14:33:02 IST" name="Test5" finished-at="2022-12-08T14:34:09 IST" duration-ms="67604">
      <class name="com.qa.testscripts.Skillup_TC_001">
        <test-method is-config="true" signature="Setup(java.lang.String,java.lang.String)[pri:0, instance:com.qa.testscripts.Skillup_TC_001@40ef3420]" started-at="2022-12-08T14:33:02 IST" name="Setup" finished-at="2022-12-08T14:33:40 IST" duration-ms="38643" status="PASS">
          <params>
            <param index="0">
              <value>
                <![CDATA[Firefox]]>
              </value>
            </param>
            <param index="1">
              <value>
                <![CDATA[https://in.skillup.online/]]>
              </value>
            </param>
          </params>
          <reporter-output>
          </reporter-output>
        </test-method> <!-- Setup -->
        <test-method signature="testSkillup(java.lang.String,java.lang.String)[pri:0, instance:com.qa.testscripts.Skillup_TC_001@40ef3420]" started-at="2022-12-08T14:33:40 IST" name="testSkillup" finished-at="2022-12-08T14:34:08 IST" duration-ms="27390" status="PASS">
          <params>
            <param index="0">
              <value>
                <![CDATA[Firefox]]>
              </value>
            </param>
            <param index="1">
              <value>
                <![CDATA[https://in.skillup.online/]]>
              </value>
            </param>
          </params>
          <reporter-output>
          </reporter-output>
        </test-method> <!-- testSkillup -->
        <test-method is-config="true" signature="TearDown()[pri:0, instance:com.qa.testscripts.Skillup_TC_001@40ef3420]" started-at="2022-12-08T14:34:08 IST" name="TearDown" finished-at="2022-12-08T14:34:09 IST" duration-ms="1566" status="PASS">
          <reporter-output>
          </reporter-output>
        </test-method> <!-- TearDown -->
      </class> <!-- com.qa.testscripts.Skillup_TC_001 -->
    </test> <!-- Test5 -->
    <test started-at="2022-12-08T14:34:09 IST" name="Test6" finished-at="2022-12-08T14:34:35 IST" duration-ms="25930">
      <class name="com.qa.testscripts.Skillup_TC_002">
        <test-method is-config="true" signature="Setup(java.lang.String,java.lang.String)[pri:0, instance:com.qa.testscripts.Skillup_TC_002@59fd97a8]" started-at="2022-12-08T14:34:09 IST" name="Setup" finished-at="2022-12-08T14:34:28 IST" duration-ms="19003" status="PASS">
          <params>
            <param index="0">
              <value>
                <![CDATA[Firefox]]>
              </value>
            </param>
            <param index="1">
              <value>
                <![CDATA[https://in.skillup.online/]]>
              </value>
            </param>
          </params>
          <reporter-output>
          </reporter-output>
        </test-method> <!-- Setup -->
        <test-method signature="testSkillup2(java.lang.String,java.lang.String)[pri:0, instance:com.qa.testscripts.Skillup_TC_002@59fd97a8]" started-at="2022-12-08T14:34:28 IST" name="testSkillup2" finished-at="2022-12-08T14:34:34 IST" duration-ms="5614" status="PASS">
          <params>
            <param index="0">
              <value>
                <![CDATA[Firefox]]>
              </value>
            </param>
            <param index="1">
              <value>
                <![CDATA[https://in.skillup.online/]]>
              </value>
            </param>
          </params>
          <reporter-output>
          </reporter-output>
        </test-method> <!-- testSkillup2 -->
        <test-method is-config="true" signature="TearDown()[pri:0, instance:com.qa.testscripts.Skillup_TC_002@59fd97a8]" started-at="2022-12-08T14:34:34 IST" name="TearDown" finished-at="2022-12-08T14:34:35 IST" duration-ms="1310" status="PASS">
          <reporter-output>
          </reporter-output>
        </test-method> <!-- TearDown -->
      </class> <!-- com.qa.testscripts.Skillup_TC_002 -->
    </test> <!-- Test6 -->
  </suite> <!-- Suite -->
</testng-results>
