<?xml version="1.0" encoding="UTF-8"?>
<testng-results ignored="0" total="1" passed="1" failed="0" skipped="0">
  <reporter-output>
  </reporter-output>
  <suite started-at="2022-12-10T09:30:52 IST" name="Suite" finished-at="2022-12-10T09:31:26 IST" duration-ms="34149">
    <groups>
    </groups>
    <test started-at="2022-12-10T09:30:52 IST" name="Test search1" finished-at="2022-12-10T09:31:26 IST" duration-ms="34149">
      <class name="com.qa.testscripts.TC_Amazon_003">
        <test-method is-config="true" signature="Setup(java.lang.String,java.lang.String)[pri:0, instance:com.qa.testscripts.TC_Amazon_003@7e0b85f9]" started-at="2022-12-10T09:30:52 IST" name="Setup" finished-at="2022-12-10T09:31:03 IST" duration-ms="10541" status="PASS">
          <params>
            <param index="0">
              <value>
                <![CDATA[Chrome]]>
              </value>
            </param>
            <param index="1">
              <value>
                <![CDATA[http://www.amazon.in]]>
              </value>
            </param>
          </params>
          <reporter-output>
          </reporter-output>
        </test-method> <!-- Setup -->
        <test-method signature="Search(java.lang.String,java.lang.String)[pri:0, instance:com.qa.testscripts.TC_Amazon_003@7e0b85f9]" started-at="2022-12-10T09:31:03 IST" name="Search" finished-at="2022-12-10T09:31:10 IST" duration-ms="7290" status="PASS">
          <params>
            <param index="0">
              <value>
                <![CDATA[Chrome]]>
              </value>
            </param>
            <param index="1">
              <value>
                <![CDATA[http://www.amazon.in]]>
              </value>
            </param>
          </params>
          <reporter-output>
          </reporter-output>
        </test-method> <!-- Search -->
        <test-method is-config="true" signature="TearDown()[pri:0, instance:com.qa.testscripts.TC_Amazon_003@7e0b85f9]" started-at="2022-12-10T09:31:10 IST" name="TearDown" finished-at="2022-12-10T09:31:26 IST" duration-ms="16279" status="PASS">
          <reporter-output>
          </reporter-output>
        </test-method> <!-- TearDown -->
      </class> <!-- com.qa.testscripts.TC_Amazon_003 -->
    </test> <!-- Test search1 -->
  </suite> <!-- Suite -->
</testng-results>
